[2024-05-13 14:49:21] INFO (NNIDataStore) Datastore initialization done
[2024-05-13 14:49:21] INFO (RestServer) RestServer start
[2024-05-13 14:49:21] WARNING (NNITensorboardManager) Tensorboard may not installed, if you want to use tensorboard, please check if tensorboard installed.
[2024-05-13 14:49:21] INFO (RestServer) RestServer base port is 8080
[2024-05-13 14:49:21] INFO (main) Rest server listening on: http://0.0.0.0:8080
[2024-05-13 14:49:21] INFO (NNIManager) Starting experiment: fin2jz4y
[2024-05-13 14:49:21] INFO (NNIManager) Setup training service...
[2024-05-13 14:49:21] INFO (LocalTrainingService) Construct local machine training service.
[2024-05-13 14:49:21] INFO (NNIManager) Setup tuner...
[2024-05-13 14:49:21] INFO (NNIManager) Change NNIManager status from: INITIALIZED to: RUNNING
[2024-05-13 14:49:22] INFO (NNIManager) Add event listeners
[2024-05-13 14:49:22] INFO (LocalTrainingService) Run local machine training service.
[2024-05-13 14:49:22] WARNING (GPUScheduler) gpu_metrics file does not exist!
[2024-05-13 14:49:22] INFO (NNIManager) NNIManager received command from dispatcher: ID, 
[2024-05-13 14:49:22] INFO (NNIManager) NNIManager received command from dispatcher: TR, {"parameter_id": 0, "parameter_source": "algorithm", "parameters": {"star_factor": 1.8165690822833636, "aggan_factor": 9.866474988063874, "att_factor": 0.5470216546915485, "HiSD_factor": 6.199511791796699}, "parameter_index": 0}
[2024-05-13 14:49:27] INFO (NNIManager) submitTrialJob: form: {
  sequenceId: 0,
  hyperParameters: {
    value: '{"parameter_id": 0, "parameter_source": "algorithm", "parameters": {"star_factor": 1.8165690822833636, "aggan_factor": 9.866474988063874, "att_factor": 0.5470216546915485, "HiSD_factor": 6.199511791796699}, "parameter_index": 0}',
    index: 0
  },
  placementConstraint: { type: 'None', gpus: [] }
}
[2024-05-13 14:49:27] ERROR (NNIManager) Error: GPU not available. Please check your CUDA configuration
    at GPUScheduler.run (/Users/ez/anaconda3/envs/deepfake/lib/python3.6/site-packages/nni_node/training_service/local/gpuScheduler.js:33:23)
    at processTicksAndRejections (node:internal/process/task_queues:96:5)
    at async Promise.all (index 1)
    at async LocalTrainingService.run (/Users/ez/anaconda3/envs/deepfake/lib/python3.6/site-packages/nni_node/training_service/local/localTrainingService.js:96:9)
    at async Promise.all (index 2)
    at async NNIManager.run (/Users/ez/anaconda3/envs/deepfake/lib/python3.6/site-packages/nni_node/core/nnimanager.js:625:9)
[2024-05-13 14:49:27] INFO (NNIManager) Change NNIManager status from: RUNNING to: ERROR
[2024-05-13 14:49:46] INFO (NNIManager) Change NNIManager status from: ERROR to: STOPPING
[2024-05-13 14:49:46] INFO (NNIManager) Stopping experiment, cleaning up ...
[2024-05-13 14:49:48] INFO (NNIManager) cancelTrialJob: Tm3sK
[2024-05-13 14:49:48] INFO (LocalTrainingService) Stopping local machine training service...
[2024-05-13 14:49:48] ERROR (GPUScheduler) GPU scheduler error: ChildProcessError: Command failed: pkill -P 99782

 `pkill -P 99782
` (exited with error code 1)
[2024-05-13 14:49:48] INFO (NNIManager) Change NNIManager status from: STOPPING to: STOPPED
[2024-05-13 14:49:48] INFO (NNIManager) Experiment stopped.
[2024-05-13 14:49:48] INFO (NNITensorboardManager) Forced stopping all tensorboard task.
[2024-05-13 14:49:48] INFO (NNITensorboardManager) All tensorboard task stopped.
[2024-05-13 14:49:48] INFO (NNITensorboardManager) Tensorboard manager stopped.
